2025-05-12 16:40:26,832 INFO o.s.b.StartupInfoLogger [restartedMain] Starting CalculatorApplication using Java 21.0.2 with PID 32711 (/home/kaufman/IntelliJProjects/kafka-rest-api/calculator/target/classes started by kaufman in /home/kaufman/IntelliJProjects/kafka-rest-api)
2025-05-12 16:40:26,835 INFO o.s.b.SpringApplication [restartedMain] No active profile set, falling back to 1 default profile: "default"
2025-05-12 16:40:26,874 INFO o.s.b.l.DeferredLog [restartedMain] Devtools property defaults active! Set 'spring.devtools.add-properties' to 'false' to disable
2025-05-12 16:40:26,875 INFO o.s.b.l.DeferredLog [restartedMain] For additional web related logging consider setting the 'logging.level.web' property to 'DEBUG'
2025-05-12 16:40:27,670 INFO o.s.b.w.e.t.TomcatWebServer [restartedMain] Tomcat initialized with port 8081 (http)
2025-05-12 16:40:27,681 INFO o.a.j.l.DirectJDKLog [restartedMain] Initializing ProtocolHandler ["http-nio-8081"]
2025-05-12 16:40:27,682 INFO o.a.j.l.DirectJDKLog [restartedMain] Starting service [Tomcat]
2025-05-12 16:40:27,683 INFO o.a.j.l.DirectJDKLog [restartedMain] Starting Servlet engine: [Apache Tomcat/10.1.40]
2025-05-12 16:40:27,714 INFO o.a.j.l.DirectJDKLog [restartedMain] Initializing Spring embedded WebApplicationContext
2025-05-12 16:40:27,715 INFO o.s.b.w.s.c.ServletWebServerApplicationContext [restartedMain] Root WebApplicationContext: initialization completed in 840 ms
2025-05-12 16:40:28,180 INFO o.s.b.d.a.OptionalLiveReloadServer [restartedMain] LiveReload server is running on port 35729
2025-05-12 16:40:28,227 INFO o.a.j.l.DirectJDKLog [restartedMain] Starting ProtocolHandler ["http-nio-8081"]
2025-05-12 16:40:28,239 INFO o.s.b.w.e.t.TomcatWebServer [restartedMain] Tomcat started on port 8081 (http) with context path '/'
2025-05-12 16:40:28,273 INFO o.a.k.c.c.AbstractConfig [restartedMain] ConsumerConfig values: 
	allow.auto.create.topics = true
	auto.commit.interval.ms = 5000
	auto.include.jmx.reporter = true
	auto.offset.reset = earliest
	bootstrap.servers = [localhost:9092]
	check.crcs = true
	client.dns.lookup = use_all_dns_ips
	client.id = consumer-calculator-1
	client.rack = 
	connections.max.idle.ms = 540000
	default.api.timeout.ms = 60000
	enable.auto.commit = false
	enable.metrics.push = true
	exclude.internal.topics = true
	fetch.max.bytes = 52428800
	fetch.max.wait.ms = 500
	fetch.min.bytes = 1
	group.id = calculator
	group.instance.id = null
	group.protocol = classic
	group.remote.assignor = null
	heartbeat.interval.ms = 3000
	interceptor.classes = []
	internal.leave.group.on.close = true
	internal.throw.on.fetch.stable.offset.unsupported = false
	isolation.level = read_uncommitted
	key.deserializer = class org.apache.kafka.common.serialization.StringDeserializer
	max.partition.fetch.bytes = 1048576
	max.poll.interval.ms = 300000
	max.poll.records = 500
	metadata.max.age.ms = 300000
	metadata.recovery.strategy = none
	metric.reporters = []
	metrics.num.samples = 2
	metrics.recording.level = INFO
	metrics.sample.window.ms = 30000
	partition.assignment.strategy = [class org.apache.kafka.clients.consumer.RangeAssignor, class org.apache.kafka.clients.consumer.CooperativeStickyAssignor]
	receive.buffer.bytes = 65536
	reconnect.backoff.max.ms = 1000
	reconnect.backoff.ms = 50
	request.timeout.ms = 30000
	retry.backoff.max.ms = 1000
	retry.backoff.ms = 100
	sasl.client.callback.handler.class = null
	sasl.jaas.config = null
	sasl.kerberos.kinit.cmd = /usr/bin/kinit
	sasl.kerberos.min.time.before.relogin = 60000
	sasl.kerberos.service.name = null
	sasl.kerberos.ticket.renew.jitter = 0.05
	sasl.kerberos.ticket.renew.window.factor = 0.8
	sasl.login.callback.handler.class = null
	sasl.login.class = null
	sasl.login.connect.timeout.ms = null
	sasl.login.read.timeout.ms = null
	sasl.login.refresh.buffer.seconds = 300
	sasl.login.refresh.min.period.seconds = 60
	sasl.login.refresh.window.factor = 0.8
	sasl.login.refresh.window.jitter = 0.05
	sasl.login.retry.backoff.max.ms = 10000
	sasl.login.retry.backoff.ms = 100
	sasl.mechanism = GSSAPI
	sasl.oauthbearer.clock.skew.seconds = 30
	sasl.oauthbearer.expected.audience = null
	sasl.oauthbearer.expected.issuer = null
	sasl.oauthbearer.jwks.endpoint.refresh.ms = 3600000
	sasl.oauthbearer.jwks.endpoint.retry.backoff.max.ms = 10000
	sasl.oauthbearer.jwks.endpoint.retry.backoff.ms = 100
	sasl.oauthbearer.jwks.endpoint.url = null
	sasl.oauthbearer.scope.claim.name = scope
	sasl.oauthbearer.sub.claim.name = sub
	sasl.oauthbearer.token.endpoint.url = null
	security.protocol = PLAINTEXT
	security.providers = null
	send.buffer.bytes = 131072
	session.timeout.ms = 45000
	socket.connection.setup.timeout.max.ms = 30000
	socket.connection.setup.timeout.ms = 10000
	ssl.cipher.suites = null
	ssl.enabled.protocols = [TLSv1.2, TLSv1.3]
	ssl.endpoint.identification.algorithm = https
	ssl.engine.factory.class = null
	ssl.key.password = null
	ssl.keymanager.algorithm = SunX509
	ssl.keystore.certificate.chain = null
	ssl.keystore.key = null
	ssl.keystore.location = null
	ssl.keystore.password = null
	ssl.keystore.type = JKS
	ssl.protocol = TLSv1.3
	ssl.provider = null
	ssl.secure.random.implementation = null
	ssl.trustmanager.algorithm = PKIX
	ssl.truststore.certificates = null
	ssl.truststore.location = null
	ssl.truststore.password = null
	ssl.truststore.type = JKS
	value.deserializer = class org.springframework.kafka.support.serializer.JsonDeserializer

2025-05-12 16:40:28,313 INFO o.a.k.c.t.i.KafkaMetricsCollector$StateLedger [restartedMain] initializing Kafka metrics collector
2025-05-12 16:40:28,384 INFO o.a.k.c.u.AppInfoParser$AppInfo [restartedMain] Kafka version: 3.8.1
2025-05-12 16:40:28,386 INFO o.a.k.c.u.AppInfoParser$AppInfo [restartedMain] Kafka commitId: 70d6ff42debf7e17
2025-05-12 16:40:28,386 INFO o.a.k.c.u.AppInfoParser$AppInfo [restartedMain] Kafka startTimeMs: 1747064428383
2025-05-12 16:40:28,390 INFO o.a.k.c.c.i.LegacyKafkaConsumer [restartedMain] [Consumer clientId=consumer-calculator-1, groupId=calculator] Subscribed to topic(s): calculator_topic
2025-05-12 16:40:28,411 INFO o.s.b.StartupInfoLogger [restartedMain] Started CalculatorApplication in 2.048 seconds (process running for 2.613)
2025-05-12 16:40:28,683 INFO o.a.k.c.Metadata [org.springframework.kafka.KafkaListenerEndpointContainer#0-0-C-1] [Consumer clientId=consumer-calculator-1, groupId=calculator] Cluster ID: QpiOMLikQiujGuaEI8wIxg
2025-05-12 16:40:28,684 INFO o.a.k.c.c.i.AbstractCoordinator$FindCoordinatorResponseHandler [org.springframework.kafka.KafkaListenerEndpointContainer#0-0-C-1] [Consumer clientId=consumer-calculator-1, groupId=calculator] Discovered group coordinator localhost:9092 (id: 2147482646 rack: null)
2025-05-12 16:40:28,686 INFO o.a.k.c.c.i.AbstractCoordinator [org.springframework.kafka.KafkaListenerEndpointContainer#0-0-C-1] [Consumer clientId=consumer-calculator-1, groupId=calculator] (Re-)joining group
2025-05-12 16:40:28,697 INFO o.a.k.c.c.i.AbstractCoordinator [org.springframework.kafka.KafkaListenerEndpointContainer#0-0-C-1] [Consumer clientId=consumer-calculator-1, groupId=calculator] Request joining group due to: need to re-join with the given member-id: consumer-calculator-1-5baa302c-13c9-4d34-adf5-fb3de0f5e04a
2025-05-12 16:40:28,698 INFO o.a.k.c.c.i.AbstractCoordinator [org.springframework.kafka.KafkaListenerEndpointContainer#0-0-C-1] [Consumer clientId=consumer-calculator-1, groupId=calculator] (Re-)joining group
2025-05-12 16:40:31,705 INFO o.a.k.c.c.i.AbstractCoordinator$JoinGroupResponseHandler [org.springframework.kafka.KafkaListenerEndpointContainer#0-0-C-1] [Consumer clientId=consumer-calculator-1, groupId=calculator] Successfully joined group with generation Generation{generationId=3, memberId='consumer-calculator-1-5baa302c-13c9-4d34-adf5-fb3de0f5e04a', protocol='range'}
2025-05-12 16:40:31,722 INFO o.a.k.c.c.i.ConsumerCoordinator [org.springframework.kafka.KafkaListenerEndpointContainer#0-0-C-1] [Consumer clientId=consumer-calculator-1, groupId=calculator] Finished assignment for group at generation 3: {consumer-calculator-1-5baa302c-13c9-4d34-adf5-fb3de0f5e04a=Assignment(partitions=[calculator_topic-0])}
2025-05-12 16:40:31,732 INFO o.a.k.c.c.i.AbstractCoordinator$SyncGroupResponseHandler [org.springframework.kafka.KafkaListenerEndpointContainer#0-0-C-1] [Consumer clientId=consumer-calculator-1, groupId=calculator] Successfully synced group in generation Generation{generationId=3, memberId='consumer-calculator-1-5baa302c-13c9-4d34-adf5-fb3de0f5e04a', protocol='range'}
2025-05-12 16:40:31,733 INFO o.a.k.c.c.i.ConsumerCoordinator [org.springframework.kafka.KafkaListenerEndpointContainer#0-0-C-1] [Consumer clientId=consumer-calculator-1, groupId=calculator] Notifying assignor about the new Assignment(partitions=[calculator_topic-0])
2025-05-12 16:40:31,736 INFO o.a.k.c.c.i.ConsumerRebalanceListenerInvoker [org.springframework.kafka.KafkaListenerEndpointContainer#0-0-C-1] [Consumer clientId=consumer-calculator-1, groupId=calculator] Adding newly assigned partitions: calculator_topic-0
2025-05-12 16:40:31,747 INFO o.a.k.c.c.i.ConsumerUtils [org.springframework.kafka.KafkaListenerEndpointContainer#0-0-C-1] Setting offset for partition calculator_topic-0 to the committed offset FetchPosition{offset=11, offsetEpoch=Optional.empty, currentLeader=LeaderAndEpoch{leader=Optional[localhost:9092 (id: 1001 rack: null)], epoch=0}}
2025-05-12 16:40:31,749 INFO o.s.c.l.LogAccessor [org.springframework.kafka.KafkaListenerEndpointContainer#0-0-C-1] calculator: partitions assigned: [calculator_topic-0]
2025-05-12 16:40:57,979 INFO c.e.c.s.I.CalculatorConsumerServiceImpl [org.springframework.kafka.KafkaListenerEndpointContainer#0-0-C-1] Operation request recieved in Calculator service => OperationEvent(message=subtraction request, operation=Operation(a=7.2, b=2, type=SUBTRACT, result=5.2))
2025-05-12 16:40:57,980 INFO c.e.c.s.I.CalculatorConsumerServiceImpl [org.springframework.kafka.KafkaListenerEndpointContainer#0-0-C-1] Processing operation request [null]: OperationEvent(message=subtraction request, operation=Operation(a=7.2, b=2, type=SUBTRACT, result=5.2))
2025-05-12 16:41:57,252 INFO o.a.k.c.c.i.ConsumerRebalanceListenerInvoker [org.springframework.kafka.KafkaListenerEndpointContainer#0-0-C-1] [Consumer clientId=consumer-calculator-1, groupId=calculator] Revoke previously assigned partitions calculator_topic-0
2025-05-12 16:41:57,253 INFO o.s.c.l.LogAccessor [org.springframework.kafka.KafkaListenerEndpointContainer#0-0-C-1] calculator: partitions revoked: [calculator_topic-0]
2025-05-12 16:41:57,253 INFO o.a.k.c.c.i.AbstractCoordinator [org.springframework.kafka.KafkaListenerEndpointContainer#0-0-C-1] [Consumer clientId=consumer-calculator-1, groupId=calculator] Member consumer-calculator-1-5baa302c-13c9-4d34-adf5-fb3de0f5e04a sending LeaveGroup request to coordinator localhost:9092 (id: 2147482646 rack: null) due to the consumer unsubscribed from all topics
2025-05-12 16:41:57,254 INFO o.a.k.c.c.i.AbstractCoordinator [org.springframework.kafka.KafkaListenerEndpointContainer#0-0-C-1] [Consumer clientId=consumer-calculator-1, groupId=calculator] Resetting generation and member id due to: consumer pro-actively leaving the group
2025-05-12 16:41:57,254 INFO o.a.k.c.c.i.AbstractCoordinator [org.springframework.kafka.KafkaListenerEndpointContainer#0-0-C-1] [Consumer clientId=consumer-calculator-1, groupId=calculator] Request joining group due to: consumer pro-actively leaving the group
2025-05-12 16:41:57,254 INFO o.a.k.c.c.i.LegacyKafkaConsumer [org.springframework.kafka.KafkaListenerEndpointContainer#0-0-C-1] [Consumer clientId=consumer-calculator-1, groupId=calculator] Unsubscribed all topics or patterns and assigned partitions
2025-05-12 16:41:57,257 INFO o.a.k.c.c.i.AbstractCoordinator [org.springframework.kafka.KafkaListenerEndpointContainer#0-0-C-1] [Consumer clientId=consumer-calculator-1, groupId=calculator] Resetting generation and member id due to: consumer pro-actively leaving the group
2025-05-12 16:41:57,257 INFO o.a.k.c.c.i.AbstractCoordinator [org.springframework.kafka.KafkaListenerEndpointContainer#0-0-C-1] [Consumer clientId=consumer-calculator-1, groupId=calculator] Request joining group due to: consumer pro-actively leaving the group
2025-05-12 16:41:57,398 INFO o.a.k.c.m.Metrics [org.springframework.kafka.KafkaListenerEndpointContainer#0-0-C-1] Metrics scheduler closed
2025-05-12 16:41:57,398 INFO o.a.k.c.m.Metrics [org.springframework.kafka.KafkaListenerEndpointContainer#0-0-C-1] Closing reporter org.apache.kafka.common.metrics.JmxReporter
2025-05-12 16:41:57,398 INFO o.a.k.c.m.Metrics [org.springframework.kafka.KafkaListenerEndpointContainer#0-0-C-1] Closing reporter org.apache.kafka.common.telemetry.internals.ClientTelemetryReporter
2025-05-12 16:41:57,398 INFO o.a.k.c.m.Metrics [org.springframework.kafka.KafkaListenerEndpointContainer#0-0-C-1] Metrics reporters closed
2025-05-12 16:41:57,405 INFO o.a.k.c.u.AppInfoParser [org.springframework.kafka.KafkaListenerEndpointContainer#0-0-C-1] App info kafka.consumer for consumer-calculator-1 unregistered
2025-05-12 16:41:57,406 INFO o.s.c.l.LogAccessor [org.springframework.kafka.KafkaListenerEndpointContainer#0-0-C-1] calculator: Consumer stopped
2025-05-12 16:41:57,409 INFO o.s.b.w.e.t.GracefulShutdown [SpringApplicationShutdownHook] Commencing graceful shutdown. Waiting for active requests to complete
2025-05-12 16:41:57,411 INFO o.s.b.w.e.t.GracefulShutdown [tomcat-shutdown] Graceful shutdown complete
2025-05-12 16:57:49,356 INFO o.s.b.StartupInfoLogger [restartedMain] Starting CalculatorApplication using Java 21.0.2 with PID 33897 (/home/kaufman/IntelliJProjects/kafka-rest-api/calculator/target/classes started by kaufman in /home/kaufman/IntelliJProjects/kafka-rest-api)
2025-05-12 16:57:49,357 INFO o.s.b.SpringApplication [restartedMain] No active profile set, falling back to 1 default profile: "default"
2025-05-12 16:57:49,388 INFO o.s.b.l.DeferredLog [restartedMain] Devtools property defaults active! Set 'spring.devtools.add-properties' to 'false' to disable
2025-05-12 16:57:49,388 INFO o.s.b.l.DeferredLog [restartedMain] For additional web related logging consider setting the 'logging.level.web' property to 'DEBUG'
2025-05-12 16:57:50,074 INFO o.s.b.w.e.t.TomcatWebServer [restartedMain] Tomcat initialized with port 8081 (http)
2025-05-12 16:57:50,087 INFO o.a.j.l.DirectJDKLog [restartedMain] Initializing ProtocolHandler ["http-nio-8081"]
2025-05-12 16:57:50,088 INFO o.a.j.l.DirectJDKLog [restartedMain] Starting service [Tomcat]
2025-05-12 16:57:50,088 INFO o.a.j.l.DirectJDKLog [restartedMain] Starting Servlet engine: [Apache Tomcat/10.1.40]
2025-05-12 16:57:50,115 INFO o.a.j.l.DirectJDKLog [restartedMain] Initializing Spring embedded WebApplicationContext
2025-05-12 16:57:50,115 INFO o.s.b.w.s.c.ServletWebServerApplicationContext [restartedMain] Root WebApplicationContext: initialization completed in 726 ms
2025-05-12 16:57:50,466 INFO o.s.b.d.a.OptionalLiveReloadServer [restartedMain] LiveReload server is running on port 35729
2025-05-12 16:57:50,503 INFO o.a.j.l.DirectJDKLog [restartedMain] Starting ProtocolHandler ["http-nio-8081"]
2025-05-12 16:57:50,512 INFO o.s.b.w.e.t.TomcatWebServer [restartedMain] Tomcat started on port 8081 (http) with context path '/'
2025-05-12 16:57:50,540 INFO o.a.k.c.c.AbstractConfig [restartedMain] ConsumerConfig values: 
	allow.auto.create.topics = true
	auto.commit.interval.ms = 5000
	auto.include.jmx.reporter = true
	auto.offset.reset = earliest
	bootstrap.servers = [localhost:9092]
	check.crcs = true
	client.dns.lookup = use_all_dns_ips
	client.id = consumer-calculator-1
	client.rack = 
	connections.max.idle.ms = 540000
	default.api.timeout.ms = 60000
	enable.auto.commit = false
	enable.metrics.push = true
	exclude.internal.topics = true
	fetch.max.bytes = 52428800
	fetch.max.wait.ms = 500
	fetch.min.bytes = 1
	group.id = calculator
	group.instance.id = null
	group.protocol = classic
	group.remote.assignor = null
	heartbeat.interval.ms = 3000
	interceptor.classes = []
	internal.leave.group.on.close = true
	internal.throw.on.fetch.stable.offset.unsupported = false
	isolation.level = read_uncommitted
	key.deserializer = class org.apache.kafka.common.serialization.StringDeserializer
	max.partition.fetch.bytes = 1048576
	max.poll.interval.ms = 300000
	max.poll.records = 500
	metadata.max.age.ms = 300000
	metadata.recovery.strategy = none
	metric.reporters = []
	metrics.num.samples = 2
	metrics.recording.level = INFO
	metrics.sample.window.ms = 30000
	partition.assignment.strategy = [class org.apache.kafka.clients.consumer.RangeAssignor, class org.apache.kafka.clients.consumer.CooperativeStickyAssignor]
	receive.buffer.bytes = 65536
	reconnect.backoff.max.ms = 1000
	reconnect.backoff.ms = 50
	request.timeout.ms = 30000
	retry.backoff.max.ms = 1000
	retry.backoff.ms = 100
	sasl.client.callback.handler.class = null
	sasl.jaas.config = null
	sasl.kerberos.kinit.cmd = /usr/bin/kinit
	sasl.kerberos.min.time.before.relogin = 60000
	sasl.kerberos.service.name = null
	sasl.kerberos.ticket.renew.jitter = 0.05
	sasl.kerberos.ticket.renew.window.factor = 0.8
	sasl.login.callback.handler.class = null
	sasl.login.class = null
	sasl.login.connect.timeout.ms = null
	sasl.login.read.timeout.ms = null
	sasl.login.refresh.buffer.seconds = 300
	sasl.login.refresh.min.period.seconds = 60
	sasl.login.refresh.window.factor = 0.8
	sasl.login.refresh.window.jitter = 0.05
	sasl.login.retry.backoff.max.ms = 10000
	sasl.login.retry.backoff.ms = 100
	sasl.mechanism = GSSAPI
	sasl.oauthbearer.clock.skew.seconds = 30
	sasl.oauthbearer.expected.audience = null
	sasl.oauthbearer.expected.issuer = null
	sasl.oauthbearer.jwks.endpoint.refresh.ms = 3600000
	sasl.oauthbearer.jwks.endpoint.retry.backoff.max.ms = 10000
	sasl.oauthbearer.jwks.endpoint.retry.backoff.ms = 100
	sasl.oauthbearer.jwks.endpoint.url = null
	sasl.oauthbearer.scope.claim.name = scope
	sasl.oauthbearer.sub.claim.name = sub
	sasl.oauthbearer.token.endpoint.url = null
	security.protocol = PLAINTEXT
	security.providers = null
	send.buffer.bytes = 131072
	session.timeout.ms = 45000
	socket.connection.setup.timeout.max.ms = 30000
	socket.connection.setup.timeout.ms = 10000
	ssl.cipher.suites = null
	ssl.enabled.protocols = [TLSv1.2, TLSv1.3]
	ssl.endpoint.identification.algorithm = https
	ssl.engine.factory.class = null
	ssl.key.password = null
	ssl.keymanager.algorithm = SunX509
	ssl.keystore.certificate.chain = null
	ssl.keystore.key = null
	ssl.keystore.location = null
	ssl.keystore.password = null
	ssl.keystore.type = JKS
	ssl.protocol = TLSv1.3
	ssl.provider = null
	ssl.secure.random.implementation = null
	ssl.trustmanager.algorithm = PKIX
	ssl.truststore.certificates = null
	ssl.truststore.location = null
	ssl.truststore.password = null
	ssl.truststore.type = JKS
	value.deserializer = class org.springframework.kafka.support.serializer.JsonDeserializer

2025-05-12 16:57:50,579 INFO o.a.k.c.t.i.KafkaMetricsCollector$StateLedger [restartedMain] initializing Kafka metrics collector
2025-05-12 16:57:50,643 INFO o.a.k.c.u.AppInfoParser$AppInfo [restartedMain] Kafka version: 3.8.1
2025-05-12 16:57:50,644 INFO o.a.k.c.u.AppInfoParser$AppInfo [restartedMain] Kafka commitId: 70d6ff42debf7e17
2025-05-12 16:57:50,644 INFO o.a.k.c.u.AppInfoParser$AppInfo [restartedMain] Kafka startTimeMs: 1747065470642
2025-05-12 16:57:50,647 INFO o.a.k.c.c.i.LegacyKafkaConsumer [restartedMain] [Consumer clientId=consumer-calculator-1, groupId=calculator] Subscribed to topic(s): calculator_topic
2025-05-12 16:57:50,661 INFO o.s.b.StartupInfoLogger [restartedMain] Started CalculatorApplication in 1.726 seconds (process running for 2.291)
2025-05-12 16:57:50,974 INFO o.a.k.c.Metadata [org.springframework.kafka.KafkaListenerEndpointContainer#0-0-C-1] [Consumer clientId=consumer-calculator-1, groupId=calculator] Cluster ID: QpiOMLikQiujGuaEI8wIxg
2025-05-12 16:57:50,974 INFO o.a.k.c.c.i.AbstractCoordinator$FindCoordinatorResponseHandler [org.springframework.kafka.KafkaListenerEndpointContainer#0-0-C-1] [Consumer clientId=consumer-calculator-1, groupId=calculator] Discovered group coordinator localhost:9092 (id: 2147482646 rack: null)
2025-05-12 16:57:50,976 INFO o.a.k.c.c.i.AbstractCoordinator [org.springframework.kafka.KafkaListenerEndpointContainer#0-0-C-1] [Consumer clientId=consumer-calculator-1, groupId=calculator] (Re-)joining group
2025-05-12 16:57:50,988 INFO o.a.k.c.c.i.AbstractCoordinator [org.springframework.kafka.KafkaListenerEndpointContainer#0-0-C-1] [Consumer clientId=consumer-calculator-1, groupId=calculator] Request joining group due to: need to re-join with the given member-id: consumer-calculator-1-8b7e0402-7df9-4682-983b-2ac979d05c71
2025-05-12 16:57:50,988 INFO o.a.k.c.c.i.AbstractCoordinator [org.springframework.kafka.KafkaListenerEndpointContainer#0-0-C-1] [Consumer clientId=consumer-calculator-1, groupId=calculator] (Re-)joining group
2025-05-12 16:57:53,990 INFO o.a.k.c.c.i.AbstractCoordinator$JoinGroupResponseHandler [org.springframework.kafka.KafkaListenerEndpointContainer#0-0-C-1] [Consumer clientId=consumer-calculator-1, groupId=calculator] Successfully joined group with generation Generation{generationId=5, memberId='consumer-calculator-1-8b7e0402-7df9-4682-983b-2ac979d05c71', protocol='range'}
2025-05-12 16:57:53,995 INFO o.a.k.c.c.i.ConsumerCoordinator [org.springframework.kafka.KafkaListenerEndpointContainer#0-0-C-1] [Consumer clientId=consumer-calculator-1, groupId=calculator] Finished assignment for group at generation 5: {consumer-calculator-1-8b7e0402-7df9-4682-983b-2ac979d05c71=Assignment(partitions=[calculator_topic-0])}
2025-05-12 16:57:53,999 INFO o.a.k.c.c.i.AbstractCoordinator$SyncGroupResponseHandler [org.springframework.kafka.KafkaListenerEndpointContainer#0-0-C-1] [Consumer clientId=consumer-calculator-1, groupId=calculator] Successfully synced group in generation Generation{generationId=5, memberId='consumer-calculator-1-8b7e0402-7df9-4682-983b-2ac979d05c71', protocol='range'}
2025-05-12 16:57:53,999 INFO o.a.k.c.c.i.ConsumerCoordinator [org.springframework.kafka.KafkaListenerEndpointContainer#0-0-C-1] [Consumer clientId=consumer-calculator-1, groupId=calculator] Notifying assignor about the new Assignment(partitions=[calculator_topic-0])
2025-05-12 16:57:54,002 INFO o.a.k.c.c.i.ConsumerRebalanceListenerInvoker [org.springframework.kafka.KafkaListenerEndpointContainer#0-0-C-1] [Consumer clientId=consumer-calculator-1, groupId=calculator] Adding newly assigned partitions: calculator_topic-0
2025-05-12 16:57:54,008 INFO o.a.k.c.c.i.ConsumerUtils [org.springframework.kafka.KafkaListenerEndpointContainer#0-0-C-1] Setting offset for partition calculator_topic-0 to the committed offset FetchPosition{offset=12, offsetEpoch=Optional.empty, currentLeader=LeaderAndEpoch{leader=Optional[localhost:9092 (id: 1001 rack: null)], epoch=0}}
2025-05-12 16:57:54,010 INFO o.s.c.l.LogAccessor [org.springframework.kafka.KafkaListenerEndpointContainer#0-0-C-1] calculator: partitions assigned: [calculator_topic-0]
2025-05-12 16:58:09,783 INFO c.e.c.s.I.CalculatorConsumerServiceImpl [org.springframework.kafka.KafkaListenerEndpointContainer#0-0-C-1] Processing operation request [90eb8c89-6173-42f1-98b6-ea517f4bd48d]: OperationEvent(message=multiplication request, operation=Operation(a=5, b=3.3, type=MULTIPLY, result=16.5))
2025-05-12 16:58:23,095 INFO c.e.c.s.I.CalculatorConsumerServiceImpl [org.springframework.kafka.KafkaListenerEndpointContainer#0-0-C-1] Processing operation request [5e8f2716-e14a-4ad9-92e0-e12a6ffdbe3a]: OperationEvent(message=sum request, operation=Operation(a=1.3, b=2.7, type=SUM, result=4.0))
2025-05-12 16:58:25,312 INFO c.e.c.s.I.CalculatorConsumerServiceImpl [org.springframework.kafka.KafkaListenerEndpointContainer#0-0-C-1] Processing operation request [6ccc97c9-30b1-4e6b-bac9-8c3c13d6a906]: OperationEvent(message=subtraction request, operation=Operation(a=7.2, b=2, type=SUBTRACT, result=5.2))
2025-05-12 16:58:51,207 INFO c.e.c.s.I.CalculatorConsumerServiceImpl [org.springframework.kafka.KafkaListenerEndpointContainer#0-0-C-1] Processing operation request [8f480466-4a85-47fc-84a3-45397e085c42]: OperationEvent(message=division request, operation=Operation(a=5, b=3, type=DIVIDE, result=1.666666667))
2025-05-12 16:59:00,998 INFO o.a.k.c.c.i.ConsumerRebalanceListenerInvoker [org.springframework.kafka.KafkaListenerEndpointContainer#0-0-C-1] [Consumer clientId=consumer-calculator-1, groupId=calculator] Revoke previously assigned partitions calculator_topic-0
2025-05-12 16:59:00,999 INFO o.s.c.l.LogAccessor [org.springframework.kafka.KafkaListenerEndpointContainer#0-0-C-1] calculator: partitions revoked: [calculator_topic-0]
2025-05-12 16:59:01,000 INFO o.a.k.c.c.i.AbstractCoordinator [org.springframework.kafka.KafkaListenerEndpointContainer#0-0-C-1] [Consumer clientId=consumer-calculator-1, groupId=calculator] Member consumer-calculator-1-8b7e0402-7df9-4682-983b-2ac979d05c71 sending LeaveGroup request to coordinator localhost:9092 (id: 2147482646 rack: null) due to the consumer unsubscribed from all topics
2025-05-12 16:59:01,001 INFO o.a.k.c.c.i.AbstractCoordinator [org.springframework.kafka.KafkaListenerEndpointContainer#0-0-C-1] [Consumer clientId=consumer-calculator-1, groupId=calculator] Resetting generation and member id due to: consumer pro-actively leaving the group
2025-05-12 16:59:01,001 INFO o.a.k.c.c.i.AbstractCoordinator [org.springframework.kafka.KafkaListenerEndpointContainer#0-0-C-1] [Consumer clientId=consumer-calculator-1, groupId=calculator] Request joining group due to: consumer pro-actively leaving the group
2025-05-12 16:59:01,001 INFO o.a.k.c.c.i.LegacyKafkaConsumer [org.springframework.kafka.KafkaListenerEndpointContainer#0-0-C-1] [Consumer clientId=consumer-calculator-1, groupId=calculator] Unsubscribed all topics or patterns and assigned partitions
2025-05-12 16:59:01,003 INFO o.a.k.c.c.i.AbstractCoordinator [org.springframework.kafka.KafkaListenerEndpointContainer#0-0-C-1] [Consumer clientId=consumer-calculator-1, groupId=calculator] Resetting generation and member id due to: consumer pro-actively leaving the group
2025-05-12 16:59:01,003 INFO o.a.k.c.c.i.AbstractCoordinator [org.springframework.kafka.KafkaListenerEndpointContainer#0-0-C-1] [Consumer clientId=consumer-calculator-1, groupId=calculator] Request joining group due to: consumer pro-actively leaving the group
2025-05-12 16:59:01,260 INFO o.a.k.c.m.Metrics [org.springframework.kafka.KafkaListenerEndpointContainer#0-0-C-1] Metrics scheduler closed
2025-05-12 16:59:01,261 INFO o.a.k.c.m.Metrics [org.springframework.kafka.KafkaListenerEndpointContainer#0-0-C-1] Closing reporter org.apache.kafka.common.metrics.JmxReporter
2025-05-12 16:59:01,261 INFO o.a.k.c.m.Metrics [org.springframework.kafka.KafkaListenerEndpointContainer#0-0-C-1] Closing reporter org.apache.kafka.common.telemetry.internals.ClientTelemetryReporter
2025-05-12 16:59:01,261 INFO o.a.k.c.m.Metrics [org.springframework.kafka.KafkaListenerEndpointContainer#0-0-C-1] Metrics reporters closed
2025-05-12 16:59:01,271 INFO o.a.k.c.u.AppInfoParser [org.springframework.kafka.KafkaListenerEndpointContainer#0-0-C-1] App info kafka.consumer for consumer-calculator-1 unregistered
2025-05-12 16:59:01,274 INFO o.s.c.l.LogAccessor [org.springframework.kafka.KafkaListenerEndpointContainer#0-0-C-1] calculator: Consumer stopped
2025-05-12 16:59:01,280 INFO o.s.b.w.e.t.GracefulShutdown [SpringApplicationShutdownHook] Commencing graceful shutdown. Waiting for active requests to complete
2025-05-12 16:59:01,283 INFO o.s.b.w.e.t.GracefulShutdown [tomcat-shutdown] Graceful shutdown complete
2025-05-12 18:12:02,462 INFO o.s.b.StartupInfoLogger [restartedMain] Starting CalculatorApplication using Java 21.0.2 with PID 9308 (/home/kaufman/IntelliJProjects/kafka-rest-api/calculator/target/classes started by kaufman in /home/kaufman/IntelliJProjects/kafka-rest-api)
2025-05-12 18:12:02,463 INFO o.s.b.SpringApplication [restartedMain] No active profile set, falling back to 1 default profile: "default"
2025-05-12 18:12:02,490 INFO o.s.b.l.DeferredLog [restartedMain] Devtools property defaults active! Set 'spring.devtools.add-properties' to 'false' to disable
2025-05-12 18:12:02,490 INFO o.s.b.l.DeferredLog [restartedMain] For additional web related logging consider setting the 'logging.level.web' property to 'DEBUG'
2025-05-12 18:12:03,094 INFO o.s.b.w.e.t.TomcatWebServer [restartedMain] Tomcat initialized with port 8081 (http)
2025-05-12 18:12:03,103 INFO o.a.j.l.DirectJDKLog [restartedMain] Initializing ProtocolHandler ["http-nio-8081"]
2025-05-12 18:12:03,104 INFO o.a.j.l.DirectJDKLog [restartedMain] Starting service [Tomcat]
2025-05-12 18:12:03,104 INFO o.a.j.l.DirectJDKLog [restartedMain] Starting Servlet engine: [Apache Tomcat/10.1.40]
2025-05-12 18:12:03,127 INFO o.a.j.l.DirectJDKLog [restartedMain] Initializing Spring embedded WebApplicationContext
2025-05-12 18:12:03,127 INFO o.s.b.w.s.c.ServletWebServerApplicationContext [restartedMain] Root WebApplicationContext: initialization completed in 636 ms
2025-05-12 18:12:03,443 INFO o.s.b.d.a.OptionalLiveReloadServer [restartedMain] LiveReload server is running on port 35729
2025-05-12 18:12:03,479 INFO o.a.j.l.DirectJDKLog [restartedMain] Starting ProtocolHandler ["http-nio-8081"]
2025-05-12 18:12:03,487 INFO o.s.b.w.e.t.TomcatWebServer [restartedMain] Tomcat started on port 8081 (http) with context path '/'
2025-05-12 18:12:03,524 INFO o.a.k.c.c.AbstractConfig [restartedMain] ConsumerConfig values: 
	allow.auto.create.topics = true
	auto.commit.interval.ms = 5000
	auto.include.jmx.reporter = true
	auto.offset.reset = earliest
	bootstrap.servers = [localhost:9092]
	check.crcs = true
	client.dns.lookup = use_all_dns_ips
	client.id = consumer-calculator-1
	client.rack = 
	connections.max.idle.ms = 540000
	default.api.timeout.ms = 60000
	enable.auto.commit = false
	enable.metrics.push = true
	exclude.internal.topics = true
	fetch.max.bytes = 52428800
	fetch.max.wait.ms = 500
	fetch.min.bytes = 1
	group.id = calculator
	group.instance.id = null
	group.protocol = classic
	group.remote.assignor = null
	heartbeat.interval.ms = 3000
	interceptor.classes = []
	internal.leave.group.on.close = true
	internal.throw.on.fetch.stable.offset.unsupported = false
	isolation.level = read_uncommitted
	key.deserializer = class org.apache.kafka.common.serialization.StringDeserializer
	max.partition.fetch.bytes = 1048576
	max.poll.interval.ms = 300000
	max.poll.records = 500
	metadata.max.age.ms = 300000
	metadata.recovery.strategy = none
	metric.reporters = []
	metrics.num.samples = 2
	metrics.recording.level = INFO
	metrics.sample.window.ms = 30000
	partition.assignment.strategy = [class org.apache.kafka.clients.consumer.RangeAssignor, class org.apache.kafka.clients.consumer.CooperativeStickyAssignor]
	receive.buffer.bytes = 65536
	reconnect.backoff.max.ms = 1000
	reconnect.backoff.ms = 50
	request.timeout.ms = 30000
	retry.backoff.max.ms = 1000
	retry.backoff.ms = 100
	sasl.client.callback.handler.class = null
	sasl.jaas.config = null
	sasl.kerberos.kinit.cmd = /usr/bin/kinit
	sasl.kerberos.min.time.before.relogin = 60000
	sasl.kerberos.service.name = null
	sasl.kerberos.ticket.renew.jitter = 0.05
	sasl.kerberos.ticket.renew.window.factor = 0.8
	sasl.login.callback.handler.class = null
	sasl.login.class = null
	sasl.login.connect.timeout.ms = null
	sasl.login.read.timeout.ms = null
	sasl.login.refresh.buffer.seconds = 300
	sasl.login.refresh.min.period.seconds = 60
	sasl.login.refresh.window.factor = 0.8
	sasl.login.refresh.window.jitter = 0.05
	sasl.login.retry.backoff.max.ms = 10000
	sasl.login.retry.backoff.ms = 100
	sasl.mechanism = GSSAPI
	sasl.oauthbearer.clock.skew.seconds = 30
	sasl.oauthbearer.expected.audience = null
	sasl.oauthbearer.expected.issuer = null
	sasl.oauthbearer.jwks.endpoint.refresh.ms = 3600000
	sasl.oauthbearer.jwks.endpoint.retry.backoff.max.ms = 10000
	sasl.oauthbearer.jwks.endpoint.retry.backoff.ms = 100
	sasl.oauthbearer.jwks.endpoint.url = null
	sasl.oauthbearer.scope.claim.name = scope
	sasl.oauthbearer.sub.claim.name = sub
	sasl.oauthbearer.token.endpoint.url = null
	security.protocol = PLAINTEXT
	security.providers = null
	send.buffer.bytes = 131072
	session.timeout.ms = 45000
	socket.connection.setup.timeout.max.ms = 30000
	socket.connection.setup.timeout.ms = 10000
	ssl.cipher.suites = null
	ssl.enabled.protocols = [TLSv1.2, TLSv1.3]
	ssl.endpoint.identification.algorithm = https
	ssl.engine.factory.class = null
	ssl.key.password = null
	ssl.keymanager.algorithm = SunX509
	ssl.keystore.certificate.chain = null
	ssl.keystore.key = null
	ssl.keystore.location = null
	ssl.keystore.password = null
	ssl.keystore.type = JKS
	ssl.protocol = TLSv1.3
	ssl.provider = null
	ssl.secure.random.implementation = null
	ssl.trustmanager.algorithm = PKIX
	ssl.truststore.certificates = null
	ssl.truststore.location = null
	ssl.truststore.password = null
	ssl.truststore.type = JKS
	value.deserializer = class org.springframework.kafka.support.serializer.JsonDeserializer

2025-05-12 18:12:03,558 INFO o.a.k.c.t.i.KafkaMetricsCollector$StateLedger [restartedMain] initializing Kafka metrics collector
2025-05-12 18:12:03,616 INFO o.a.k.c.u.AppInfoParser$AppInfo [restartedMain] Kafka version: 3.8.1
2025-05-12 18:12:03,617 INFO o.a.k.c.u.AppInfoParser$AppInfo [restartedMain] Kafka commitId: 70d6ff42debf7e17
2025-05-12 18:12:03,617 INFO o.a.k.c.u.AppInfoParser$AppInfo [restartedMain] Kafka startTimeMs: 1747069923615
2025-05-12 18:12:03,620 INFO o.a.k.c.c.i.LegacyKafkaConsumer [restartedMain] [Consumer clientId=consumer-calculator-1, groupId=calculator] Subscribed to topic(s): calculator_topic
2025-05-12 18:12:03,630 INFO o.s.b.StartupInfoLogger [restartedMain] Started CalculatorApplication in 1.612 seconds (process running for 2.232)
2025-05-12 18:12:03,794 INFO o.a.k.c.NetworkClient [org.springframework.kafka.KafkaListenerEndpointContainer#0-0-C-1] [Consumer clientId=consumer-calculator-1, groupId=calculator] Node -1 disconnected.
2025-05-12 18:12:03,795 WARN o.a.k.c.NetworkClient [org.springframework.kafka.KafkaListenerEndpointContainer#0-0-C-1] [Consumer clientId=consumer-calculator-1, groupId=calculator] Connection to node -1 (localhost/127.0.0.1:9092) could not be established. Node may not be available.
2025-05-12 18:12:03,796 WARN o.a.k.c.NetworkClient$DefaultMetadataUpdater [org.springframework.kafka.KafkaListenerEndpointContainer#0-0-C-1] [Consumer clientId=consumer-calculator-1, groupId=calculator] Bootstrap broker localhost:9092 (id: -1 rack: null) disconnected
2025-05-12 18:12:03,912 INFO o.a.k.c.NetworkClient [org.springframework.kafka.KafkaListenerEndpointContainer#0-0-C-1] [Consumer clientId=consumer-calculator-1, groupId=calculator] Node -1 disconnected.
2025-05-12 18:12:03,914 WARN o.a.k.c.NetworkClient [org.springframework.kafka.KafkaListenerEndpointContainer#0-0-C-1] [Consumer clientId=consumer-calculator-1, groupId=calculator] Connection to node -1 (localhost/127.0.0.1:9092) could not be established. Node may not be available.
2025-05-12 18:12:03,915 WARN o.a.k.c.NetworkClient$DefaultMetadataUpdater [org.springframework.kafka.KafkaListenerEndpointContainer#0-0-C-1] [Consumer clientId=consumer-calculator-1, groupId=calculator] Bootstrap broker localhost:9092 (id: -1 rack: null) disconnected
2025-05-12 18:12:04,021 INFO o.a.k.c.NetworkClient [org.springframework.kafka.KafkaListenerEndpointContainer#0-0-C-1] [Consumer clientId=consumer-calculator-1, groupId=calculator] Node -1 disconnected.
2025-05-12 18:12:04,022 WARN o.a.k.c.NetworkClient [org.springframework.kafka.KafkaListenerEndpointContainer#0-0-C-1] [Consumer clientId=consumer-calculator-1, groupId=calculator] Connection to node -1 (localhost/127.0.0.1:9092) could not be established. Node may not be available.
2025-05-12 18:12:04,023 WARN o.a.k.c.NetworkClient$DefaultMetadataUpdater [org.springframework.kafka.KafkaListenerEndpointContainer#0-0-C-1] [Consumer clientId=consumer-calculator-1, groupId=calculator] Bootstrap broker localhost:9092 (id: -1 rack: null) disconnected
2025-05-12 18:12:04,226 INFO o.a.k.c.NetworkClient [org.springframework.kafka.KafkaListenerEndpointContainer#0-0-C-1] [Consumer clientId=consumer-calculator-1, groupId=calculator] Node -1 disconnected.
2025-05-12 18:12:04,226 WARN o.a.k.c.NetworkClient [org.springframework.kafka.KafkaListenerEndpointContainer#0-0-C-1] [Consumer clientId=consumer-calculator-1, groupId=calculator] Connection to node -1 (localhost/127.0.0.1:9092) could not be established. Node may not be available.
2025-05-12 18:12:04,226 WARN o.a.k.c.NetworkClient$DefaultMetadataUpdater [org.springframework.kafka.KafkaListenerEndpointContainer#0-0-C-1] [Consumer clientId=consumer-calculator-1, groupId=calculator] Bootstrap broker localhost:9092 (id: -1 rack: null) disconnected
2025-05-12 18:12:04,681 INFO o.a.k.c.NetworkClient [org.springframework.kafka.KafkaListenerEndpointContainer#0-0-C-1] [Consumer clientId=consumer-calculator-1, groupId=calculator] Node -1 disconnected.
2025-05-12 18:12:04,682 WARN o.a.k.c.NetworkClient [org.springframework.kafka.KafkaListenerEndpointContainer#0-0-C-1] [Consumer clientId=consumer-calculator-1, groupId=calculator] Connection to node -1 (localhost/127.0.0.1:9092) could not be established. Node may not be available.
2025-05-12 18:12:04,683 WARN o.a.k.c.NetworkClient$DefaultMetadataUpdater [org.springframework.kafka.KafkaListenerEndpointContainer#0-0-C-1] [Consumer clientId=consumer-calculator-1, groupId=calculator] Bootstrap broker localhost:9092 (id: -1 rack: null) disconnected
2025-05-12 18:12:05,398 INFO o.a.k.c.NetworkClient [org.springframework.kafka.KafkaListenerEndpointContainer#0-0-C-1] [Consumer clientId=consumer-calculator-1, groupId=calculator] Node -1 disconnected.
2025-05-12 18:12:05,398 WARN o.a.k.c.NetworkClient [org.springframework.kafka.KafkaListenerEndpointContainer#0-0-C-1] [Consumer clientId=consumer-calculator-1, groupId=calculator] Connection to node -1 (localhost/127.0.0.1:9092) could not be established. Node may not be available.
2025-05-12 18:12:05,399 WARN o.a.k.c.NetworkClient$DefaultMetadataUpdater [org.springframework.kafka.KafkaListenerEndpointContainer#0-0-C-1] [Consumer clientId=consumer-calculator-1, groupId=calculator] Bootstrap broker localhost:9092 (id: -1 rack: null) disconnected
2025-05-12 18:12:06,436 INFO o.a.k.c.NetworkClient [org.springframework.kafka.KafkaListenerEndpointContainer#0-0-C-1] [Consumer clientId=consumer-calculator-1, groupId=calculator] Node -1 disconnected.
2025-05-12 18:12:06,438 WARN o.a.k.c.NetworkClient [org.springframework.kafka.KafkaListenerEndpointContainer#0-0-C-1] [Consumer clientId=consumer-calculator-1, groupId=calculator] Connection to node -1 (localhost/127.0.0.1:9092) could not be established. Node may not be available.
2025-05-12 18:12:06,438 WARN o.a.k.c.NetworkClient$DefaultMetadataUpdater [org.springframework.kafka.KafkaListenerEndpointContainer#0-0-C-1] [Consumer clientId=consumer-calculator-1, groupId=calculator] Bootstrap broker localhost:9092 (id: -1 rack: null) disconnected
2025-05-12 18:12:07,458 INFO o.a.k.c.NetworkClient [org.springframework.kafka.KafkaListenerEndpointContainer#0-0-C-1] [Consumer clientId=consumer-calculator-1, groupId=calculator] Node -1 disconnected.
2025-05-12 18:12:07,460 WARN o.a.k.c.NetworkClient [org.springframework.kafka.KafkaListenerEndpointContainer#0-0-C-1] [Consumer clientId=consumer-calculator-1, groupId=calculator] Connection to node -1 (localhost/127.0.0.1:9092) could not be established. Node may not be available.
2025-05-12 18:12:07,460 WARN o.a.k.c.NetworkClient$DefaultMetadataUpdater [org.springframework.kafka.KafkaListenerEndpointContainer#0-0-C-1] [Consumer clientId=consumer-calculator-1, groupId=calculator] Bootstrap broker localhost:9092 (id: -1 rack: null) disconnected
2025-05-12 18:12:08,462 INFO o.a.k.c.NetworkClient [org.springframework.kafka.KafkaListenerEndpointContainer#0-0-C-1] [Consumer clientId=consumer-calculator-1, groupId=calculator] Node -1 disconnected.
2025-05-12 18:12:08,463 WARN o.a.k.c.NetworkClient [org.springframework.kafka.KafkaListenerEndpointContainer#0-0-C-1] [Consumer clientId=consumer-calculator-1, groupId=calculator] Connection to node -1 (localhost/127.0.0.1:9092) could not be established. Node may not be available.
2025-05-12 18:12:08,464 WARN o.a.k.c.NetworkClient$DefaultMetadataUpdater [org.springframework.kafka.KafkaListenerEndpointContainer#0-0-C-1] [Consumer clientId=consumer-calculator-1, groupId=calculator] Bootstrap broker localhost:9092 (id: -1 rack: null) disconnected
2025-05-12 18:12:09,336 INFO o.a.k.c.NetworkClient [org.springframework.kafka.KafkaListenerEndpointContainer#0-0-C-1] [Consumer clientId=consumer-calculator-1, groupId=calculator] Node -1 disconnected.
2025-05-12 18:12:09,338 WARN o.a.k.c.NetworkClient [org.springframework.kafka.KafkaListenerEndpointContainer#0-0-C-1] [Consumer clientId=consumer-calculator-1, groupId=calculator] Connection to node -1 (localhost/127.0.0.1:9092) could not be established. Node may not be available.
2025-05-12 18:12:09,339 WARN o.a.k.c.NetworkClient$DefaultMetadataUpdater [org.springframework.kafka.KafkaListenerEndpointContainer#0-0-C-1] [Consumer clientId=consumer-calculator-1, groupId=calculator] Bootstrap broker localhost:9092 (id: -1 rack: null) disconnected
2025-05-12 18:12:10,380 INFO o.a.k.c.NetworkClient [org.springframework.kafka.KafkaListenerEndpointContainer#0-0-C-1] [Consumer clientId=consumer-calculator-1, groupId=calculator] Node -1 disconnected.
2025-05-12 18:12:10,380 WARN o.a.k.c.NetworkClient [org.springframework.kafka.KafkaListenerEndpointContainer#0-0-C-1] [Consumer clientId=consumer-calculator-1, groupId=calculator] Connection to node -1 (localhost/127.0.0.1:9092) could not be established. Node may not be available.
2025-05-12 18:12:10,380 WARN o.a.k.c.NetworkClient$DefaultMetadataUpdater [org.springframework.kafka.KafkaListenerEndpointContainer#0-0-C-1] [Consumer clientId=consumer-calculator-1, groupId=calculator] Bootstrap broker localhost:9092 (id: -1 rack: null) disconnected
2025-05-12 18:12:11,389 INFO o.a.k.c.NetworkClient [org.springframework.kafka.KafkaListenerEndpointContainer#0-0-C-1] [Consumer clientId=consumer-calculator-1, groupId=calculator] Node -1 disconnected.
2025-05-12 18:12:11,389 WARN o.a.k.c.NetworkClient [org.springframework.kafka.KafkaListenerEndpointContainer#0-0-C-1] [Consumer clientId=consumer-calculator-1, groupId=calculator] Connection to node -1 (localhost/127.0.0.1:9092) could not be established. Node may not be available.
2025-05-12 18:12:11,389 WARN o.a.k.c.NetworkClient$DefaultMetadataUpdater [org.springframework.kafka.KafkaListenerEndpointContainer#0-0-C-1] [Consumer clientId=consumer-calculator-1, groupId=calculator] Bootstrap broker localhost:9092 (id: -1 rack: null) disconnected
2025-05-12 18:12:12,403 INFO o.a.k.c.NetworkClient [org.springframework.kafka.KafkaListenerEndpointContainer#0-0-C-1] [Consumer clientId=consumer-calculator-1, groupId=calculator] Node -1 disconnected.
2025-05-12 18:12:12,403 WARN o.a.k.c.NetworkClient [org.springframework.kafka.KafkaListenerEndpointContainer#0-0-C-1] [Consumer clientId=consumer-calculator-1, groupId=calculator] Connection to node -1 (localhost/127.0.0.1:9092) could not be established. Node may not be available.
2025-05-12 18:12:12,403 WARN o.a.k.c.NetworkClient$DefaultMetadataUpdater [org.springframework.kafka.KafkaListenerEndpointContainer#0-0-C-1] [Consumer clientId=consumer-calculator-1, groupId=calculator] Bootstrap broker localhost:9092 (id: -1 rack: null) disconnected
2025-05-12 18:12:13,404 INFO o.a.k.c.NetworkClient [org.springframework.kafka.KafkaListenerEndpointContainer#0-0-C-1] [Consumer clientId=consumer-calculator-1, groupId=calculator] Node -1 disconnected.
2025-05-12 18:12:13,404 WARN o.a.k.c.NetworkClient [org.springframework.kafka.KafkaListenerEndpointContainer#0-0-C-1] [Consumer clientId=consumer-calculator-1, groupId=calculator] Connection to node -1 (localhost/127.0.0.1:9092) could not be established. Node may not be available.
2025-05-12 18:12:13,404 WARN o.a.k.c.NetworkClient$DefaultMetadataUpdater [org.springframework.kafka.KafkaListenerEndpointContainer#0-0-C-1] [Consumer clientId=consumer-calculator-1, groupId=calculator] Bootstrap broker localhost:9092 (id: -1 rack: null) disconnected
2025-05-12 18:12:13,731 INFO o.a.k.c.c.i.AbstractCoordinator [org.springframework.kafka.KafkaListenerEndpointContainer#0-0-C-1] [Consumer clientId=consumer-calculator-1, groupId=calculator] Resetting generation and member id due to: consumer pro-actively leaving the group
2025-05-12 18:12:13,732 INFO o.a.k.c.c.i.AbstractCoordinator [org.springframework.kafka.KafkaListenerEndpointContainer#0-0-C-1] [Consumer clientId=consumer-calculator-1, groupId=calculator] Request joining group due to: consumer pro-actively leaving the group
2025-05-12 18:12:13,733 INFO o.a.k.c.c.i.LegacyKafkaConsumer [org.springframework.kafka.KafkaListenerEndpointContainer#0-0-C-1] [Consumer clientId=consumer-calculator-1, groupId=calculator] Unsubscribed all topics or patterns and assigned partitions
2025-05-12 18:12:13,737 INFO o.a.k.c.c.i.AbstractCoordinator [org.springframework.kafka.KafkaListenerEndpointContainer#0-0-C-1] [Consumer clientId=consumer-calculator-1, groupId=calculator] Resetting generation and member id due to: consumer pro-actively leaving the group
2025-05-12 18:12:13,738 INFO o.a.k.c.c.i.AbstractCoordinator [org.springframework.kafka.KafkaListenerEndpointContainer#0-0-C-1] [Consumer clientId=consumer-calculator-1, groupId=calculator] Request joining group due to: consumer pro-actively leaving the group
2025-05-12 18:12:13,747 INFO o.a.k.c.m.Metrics [org.springframework.kafka.KafkaListenerEndpointContainer#0-0-C-1] Metrics scheduler closed
2025-05-12 18:12:13,748 INFO o.a.k.c.m.Metrics [org.springframework.kafka.KafkaListenerEndpointContainer#0-0-C-1] Closing reporter org.apache.kafka.common.metrics.JmxReporter
2025-05-12 18:12:13,749 INFO o.a.k.c.m.Metrics [org.springframework.kafka.KafkaListenerEndpointContainer#0-0-C-1] Closing reporter org.apache.kafka.common.telemetry.internals.ClientTelemetryReporter
2025-05-12 18:12:13,750 INFO o.a.k.c.m.Metrics [org.springframework.kafka.KafkaListenerEndpointContainer#0-0-C-1] Metrics reporters closed
2025-05-12 18:12:13,764 INFO o.a.k.c.u.AppInfoParser [org.springframework.kafka.KafkaListenerEndpointContainer#0-0-C-1] App info kafka.consumer for consumer-calculator-1 unregistered
2025-05-12 18:12:13,765 INFO o.s.c.l.LogAccessor [org.springframework.kafka.KafkaListenerEndpointContainer#0-0-C-1] calculator: Consumer stopped
2025-05-12 18:12:13,767 INFO o.s.b.w.e.t.GracefulShutdown [SpringApplicationShutdownHook] Commencing graceful shutdown. Waiting for active requests to complete
2025-05-12 18:12:13,770 INFO o.s.b.w.e.t.GracefulShutdown [tomcat-shutdown] Graceful shutdown complete
