2025-05-09T19:07:46.008+01:00  INFO 43459 --- [rest] [restartedMain] com.example.rest.RestApplication         : Starting RestApplication using Java 21.0.2 with PID 43459 (/home/kaufman/IntelliJProjects/kafka-rest-api/rest/target/classes started by kaufman in /home/kaufman/IntelliJProjects/kafka-rest-api)
2025-05-09T19:07:46.010+01:00  INFO 43459 --- [rest] [restartedMain] com.example.rest.RestApplication         : No active profile set, falling back to 1 default profile: "default"
2025-05-09T19:07:46.051+01:00  INFO 43459 --- [rest] [restartedMain] .e.DevToolsPropertyDefaultsPostProcessor : Devtools property defaults active! Set 'spring.devtools.add-properties' to 'false' to disable
2025-05-09T19:07:46.051+01:00  INFO 43459 --- [rest] [restartedMain] .e.DevToolsPropertyDefaultsPostProcessor : For additional web related logging consider setting the 'logging.level.web' property to 'DEBUG'
2025-05-09T19:07:46.662+01:00  INFO 43459 --- [rest] [restartedMain] o.s.b.w.embedded.tomcat.TomcatWebServer  : Tomcat initialized with port 8080 (http)
2025-05-09T19:07:46.671+01:00  INFO 43459 --- [rest] [restartedMain] o.apache.catalina.core.StandardService   : Starting service [Tomcat]
2025-05-09T19:07:46.672+01:00  INFO 43459 --- [rest] [restartedMain] o.apache.catalina.core.StandardEngine    : Starting Servlet engine: [Apache Tomcat/10.1.40]
2025-05-09T19:07:46.692+01:00  INFO 43459 --- [rest] [restartedMain] o.a.c.c.C.[Tomcat].[localhost].[/]       : Initializing Spring embedded WebApplicationContext
2025-05-09T19:07:46.692+01:00  INFO 43459 --- [rest] [restartedMain] w.s.c.ServletWebServerApplicationContext : Root WebApplicationContext: initialization completed in 640 ms
2025-05-09T19:07:46.986+01:00  INFO 43459 --- [rest] [restartedMain] o.s.b.d.a.OptionalLiveReloadServer       : LiveReload server is running on port 35729
2025-05-09T19:07:47.004+01:00  INFO 43459 --- [rest] [restartedMain] o.a.k.clients.admin.AdminClientConfig    : AdminClientConfig values: 
	auto.include.jmx.reporter = true
	bootstrap.controllers = []
	bootstrap.servers = [localhost:9092]
	client.dns.lookup = use_all_dns_ips
	client.id = rest-admin-0
	connections.max.idle.ms = 300000
	default.api.timeout.ms = 60000
	enable.metrics.push = true
	metadata.max.age.ms = 300000
	metadata.recovery.strategy = none
	metric.reporters = []
	metrics.num.samples = 2
	metrics.recording.level = INFO
	metrics.sample.window.ms = 30000
	receive.buffer.bytes = 65536
	reconnect.backoff.max.ms = 1000
	reconnect.backoff.ms = 50
	request.timeout.ms = 30000
	retries = 2147483647
	retry.backoff.max.ms = 1000
	retry.backoff.ms = 100
	sasl.client.callback.handler.class = null
	sasl.jaas.config = null
	sasl.kerberos.kinit.cmd = /usr/bin/kinit
	sasl.kerberos.min.time.before.relogin = 60000
	sasl.kerberos.service.name = null
	sasl.kerberos.ticket.renew.jitter = 0.05
	sasl.kerberos.ticket.renew.window.factor = 0.8
	sasl.login.callback.handler.class = null
	sasl.login.class = null
	sasl.login.connect.timeout.ms = null
	sasl.login.read.timeout.ms = null
	sasl.login.refresh.buffer.seconds = 300
	sasl.login.refresh.min.period.seconds = 60
	sasl.login.refresh.window.factor = 0.8
	sasl.login.refresh.window.jitter = 0.05
	sasl.login.retry.backoff.max.ms = 10000
	sasl.login.retry.backoff.ms = 100
	sasl.mechanism = GSSAPI
	sasl.oauthbearer.clock.skew.seconds = 30
	sasl.oauthbearer.expected.audience = null
	sasl.oauthbearer.expected.issuer = null
	sasl.oauthbearer.jwks.endpoint.refresh.ms = 3600000
	sasl.oauthbearer.jwks.endpoint.retry.backoff.max.ms = 10000
	sasl.oauthbearer.jwks.endpoint.retry.backoff.ms = 100
	sasl.oauthbearer.jwks.endpoint.url = null
	sasl.oauthbearer.scope.claim.name = scope
	sasl.oauthbearer.sub.claim.name = sub
	sasl.oauthbearer.token.endpoint.url = null
	security.protocol = PLAINTEXT
	security.providers = null
	send.buffer.bytes = 131072
	socket.connection.setup.timeout.max.ms = 30000
	socket.connection.setup.timeout.ms = 10000
	ssl.cipher.suites = null
	ssl.enabled.protocols = [TLSv1.2, TLSv1.3]
	ssl.endpoint.identification.algorithm = https
	ssl.engine.factory.class = null
	ssl.key.password = null
	ssl.keymanager.algorithm = SunX509
	ssl.keystore.certificate.chain = null
	ssl.keystore.key = null
	ssl.keystore.location = null
	ssl.keystore.password = null
	ssl.keystore.type = JKS
	ssl.protocol = TLSv1.3
	ssl.provider = null
	ssl.secure.random.implementation = null
	ssl.trustmanager.algorithm = PKIX
	ssl.truststore.certificates = null
	ssl.truststore.location = null
	ssl.truststore.password = null
	ssl.truststore.type = JKS

2025-05-09T19:07:47.044+01:00  INFO 43459 --- [rest] [restartedMain] o.a.kafka.common.utils.AppInfoParser     : Kafka version: 3.8.1
2025-05-09T19:07:47.045+01:00  INFO 43459 --- [rest] [restartedMain] o.a.kafka.common.utils.AppInfoParser     : Kafka commitId: 70d6ff42debf7e17
2025-05-09T19:07:47.045+01:00  INFO 43459 --- [rest] [restartedMain] o.a.kafka.common.utils.AppInfoParser     : Kafka startTimeMs: 1746814067044
2025-05-09T19:07:47.266+01:00  WARN 43459 --- [rest] [kafka-admin-client-thread | rest-admin-0] o.a.k.clients.admin.KafkaAdminClient     : [AdminClient clientId=rest-admin-0] The DescribeTopicPartitions API is not supported, using Metadata API to describe topics.
2025-05-09T19:07:47.271+01:00  INFO 43459 --- [rest] [kafka-admin-client-thread | rest-admin-0] o.a.kafka.common.utils.AppInfoParser     : App info kafka.admin.client for rest-admin-0 unregistered
2025-05-09T19:07:47.275+01:00  INFO 43459 --- [rest] [kafka-admin-client-thread | rest-admin-0] o.apache.kafka.common.metrics.Metrics    : Metrics scheduler closed
2025-05-09T19:07:47.276+01:00  INFO 43459 --- [rest] [kafka-admin-client-thread | rest-admin-0] o.apache.kafka.common.metrics.Metrics    : Closing reporter org.apache.kafka.common.metrics.JmxReporter
2025-05-09T19:07:47.276+01:00  INFO 43459 --- [rest] [kafka-admin-client-thread | rest-admin-0] o.apache.kafka.common.metrics.Metrics    : Metrics reporters closed
2025-05-09T19:07:47.286+01:00  INFO 43459 --- [rest] [restartedMain] o.s.b.w.embedded.tomcat.TomcatWebServer  : Tomcat started on port 8080 (http) with context path '/'
2025-05-09T19:07:47.294+01:00  INFO 43459 --- [rest] [restartedMain] com.example.rest.RestApplication         : Started RestApplication in 1.552 seconds (process running for 1.944)
2025-05-09T19:08:13.649+01:00  INFO 43459 --- [rest] [http-nio-8080-exec-2] o.a.c.c.C.[Tomcat].[localhost].[/]       : Initializing Spring DispatcherServlet 'dispatcherServlet'
2025-05-09T19:08:13.650+01:00  INFO 43459 --- [rest] [http-nio-8080-exec-2] o.s.web.servlet.DispatcherServlet        : Initializing Servlet 'dispatcherServlet'
2025-05-09T19:08:13.652+01:00  INFO 43459 --- [rest] [http-nio-8080-exec-2] o.s.web.servlet.DispatcherServlet        : Completed initialization in 1 ms
2025-05-09T19:08:13.684+01:00  INFO 43459 --- [rest] [http-nio-8080-exec-2] c.e.r.service.Impl.OperationServiceImpl  : Calculating operation sum: Operation(a=1.3, b=2.7, type=SUM, result=null)
2025-05-09T19:08:13.685+01:00  INFO 43459 --- [rest] [http-nio-8080-exec-2] c.e.r.s.I.OperationProducerServiceImpl   : Operation event => OperationEvent(message=sum request, operation=Operation(a=1.3, b=2.7, type=SUM, result=4.0))
2025-05-09T19:08:13.698+01:00  INFO 43459 --- [rest] [http-nio-8080-exec-2] o.a.k.clients.producer.ProducerConfig    : ProducerConfig values: 
	acks = -1
	auto.include.jmx.reporter = true
	batch.size = 16384
	bootstrap.servers = [localhost:9092]
	buffer.memory = 33554432
	client.dns.lookup = use_all_dns_ips
	client.id = rest-producer-1
	compression.gzip.level = -1
	compression.lz4.level = 9
	compression.type = none
	compression.zstd.level = 3
	connections.max.idle.ms = 540000
	delivery.timeout.ms = 120000
	enable.idempotence = true
	enable.metrics.push = true
	interceptor.classes = []
	key.serializer = class org.apache.kafka.common.serialization.StringSerializer
	linger.ms = 0
	max.block.ms = 60000
	max.in.flight.requests.per.connection = 5
	max.request.size = 1048576
	metadata.max.age.ms = 300000
	metadata.max.idle.ms = 300000
	metadata.recovery.strategy = none
	metric.reporters = []
	metrics.num.samples = 2
	metrics.recording.level = INFO
	metrics.sample.window.ms = 30000
	partitioner.adaptive.partitioning.enable = true
	partitioner.availability.timeout.ms = 0
	partitioner.class = null
	partitioner.ignore.keys = false
	receive.buffer.bytes = 32768
	reconnect.backoff.max.ms = 1000
	reconnect.backoff.ms = 50
	request.timeout.ms = 30000
	retries = 2147483647
	retry.backoff.max.ms = 1000
	retry.backoff.ms = 100
	sasl.client.callback.handler.class = null
	sasl.jaas.config = null
	sasl.kerberos.kinit.cmd = /usr/bin/kinit
	sasl.kerberos.min.time.before.relogin = 60000
	sasl.kerberos.service.name = null
	sasl.kerberos.ticket.renew.jitter = 0.05
	sasl.kerberos.ticket.renew.window.factor = 0.8
	sasl.login.callback.handler.class = null
	sasl.login.class = null
	sasl.login.connect.timeout.ms = null
	sasl.login.read.timeout.ms = null
	sasl.login.refresh.buffer.seconds = 300
	sasl.login.refresh.min.period.seconds = 60
	sasl.login.refresh.window.factor = 0.8
	sasl.login.refresh.window.jitter = 0.05
	sasl.login.retry.backoff.max.ms = 10000
	sasl.login.retry.backoff.ms = 100
	sasl.mechanism = GSSAPI
	sasl.oauthbearer.clock.skew.seconds = 30
	sasl.oauthbearer.expected.audience = null
	sasl.oauthbearer.expected.issuer = null
	sasl.oauthbearer.jwks.endpoint.refresh.ms = 3600000
	sasl.oauthbearer.jwks.endpoint.retry.backoff.max.ms = 10000
	sasl.oauthbearer.jwks.endpoint.retry.backoff.ms = 100
	sasl.oauthbearer.jwks.endpoint.url = null
	sasl.oauthbearer.scope.claim.name = scope
	sasl.oauthbearer.sub.claim.name = sub
	sasl.oauthbearer.token.endpoint.url = null
	security.protocol = PLAINTEXT
	security.providers = null
	send.buffer.bytes = 131072
	socket.connection.setup.timeout.max.ms = 30000
	socket.connection.setup.timeout.ms = 10000
	ssl.cipher.suites = null
	ssl.enabled.protocols = [TLSv1.2, TLSv1.3]
	ssl.endpoint.identification.algorithm = https
	ssl.engine.factory.class = null
	ssl.key.password = null
	ssl.keymanager.algorithm = SunX509
	ssl.keystore.certificate.chain = null
	ssl.keystore.key = null
	ssl.keystore.location = null
	ssl.keystore.password = null
	ssl.keystore.type = JKS
	ssl.protocol = TLSv1.3
	ssl.provider = null
	ssl.secure.random.implementation = null
	ssl.trustmanager.algorithm = PKIX
	ssl.truststore.certificates = null
	ssl.truststore.location = null
	ssl.truststore.password = null
	ssl.truststore.type = JKS
	transaction.timeout.ms = 60000
	transactional.id = null
	value.serializer = class org.springframework.kafka.support.serializer.JsonSerializer

2025-05-09T19:08:13.719+01:00  INFO 43459 --- [rest] [http-nio-8080-exec-2] o.a.k.c.t.i.KafkaMetricsCollector        : initializing Kafka metrics collector
2025-05-09T19:08:13.730+01:00  INFO 43459 --- [rest] [http-nio-8080-exec-2] o.a.k.clients.producer.KafkaProducer     : [Producer clientId=rest-producer-1] Instantiated an idempotent producer.
2025-05-09T19:08:13.750+01:00  INFO 43459 --- [rest] [http-nio-8080-exec-2] o.a.kafka.common.utils.AppInfoParser     : Kafka version: 3.8.1
2025-05-09T19:08:13.750+01:00  INFO 43459 --- [rest] [http-nio-8080-exec-2] o.a.kafka.common.utils.AppInfoParser     : Kafka commitId: 70d6ff42debf7e17
2025-05-09T19:08:13.750+01:00  INFO 43459 --- [rest] [http-nio-8080-exec-2] o.a.kafka.common.utils.AppInfoParser     : Kafka startTimeMs: 1746814093749
2025-05-09T19:08:13.759+01:00  INFO 43459 --- [rest] [kafka-producer-network-thread | rest-producer-1] org.apache.kafka.clients.Metadata        : [Producer clientId=rest-producer-1] Cluster ID: QpiOMLikQiujGuaEI8wIxg
2025-05-09T19:08:13.760+01:00  INFO 43459 --- [rest] [kafka-producer-network-thread | rest-producer-1] o.a.k.c.p.internals.TransactionManager   : [Producer clientId=rest-producer-1] ProducerId set to 2 with epoch 0
2025-05-09T19:08:15.957+01:00  INFO 43459 --- [rest] [http-nio-8080-exec-3] c.e.r.service.Impl.OperationServiceImpl  : Calculating operation subtract: Operation(a=7.2, b=2, type=SUBTRACT, result=null)
2025-05-09T19:08:15.958+01:00  INFO 43459 --- [rest] [http-nio-8080-exec-3] c.e.r.s.I.OperationProducerServiceImpl   : Operation event => OperationEvent(message=subtraction request, operation=Operation(a=7.2, b=2, type=SUBTRACT, result=5.2))
2025-05-09T19:08:17.447+01:00  INFO 43459 --- [rest] [http-nio-8080-exec-4] c.e.r.service.Impl.OperationServiceImpl  : Calculating operation multiply: Operation(a=5, b=3.3, type=MULTIPLY, result=null)
2025-05-09T19:08:17.447+01:00  INFO 43459 --- [rest] [http-nio-8080-exec-4] c.e.r.s.I.OperationProducerServiceImpl   : Operation event => OperationEvent(message=multiplication request, operation=Operation(a=5, b=3.3, type=MULTIPLY, result=16.5))
2025-05-09T19:08:46.011+01:00  INFO 43459 --- [rest] [SpringApplicationShutdownHook] o.s.b.w.e.tomcat.GracefulShutdown        : Commencing graceful shutdown. Waiting for active requests to complete
2025-05-09T19:08:46.014+01:00  INFO 43459 --- [rest] [tomcat-shutdown] o.s.b.w.e.tomcat.GracefulShutdown        : Graceful shutdown complete
2025-05-09T19:08:46.016+01:00  INFO 43459 --- [rest] [SpringApplicationShutdownHook] o.a.k.clients.producer.KafkaProducer     : [Producer clientId=rest-producer-1] Closing the Kafka producer with timeoutMillis = 30000 ms.
2025-05-09T19:08:46.022+01:00  INFO 43459 --- [rest] [SpringApplicationShutdownHook] o.apache.kafka.common.metrics.Metrics    : Metrics scheduler closed
2025-05-09T19:08:46.022+01:00  INFO 43459 --- [rest] [SpringApplicationShutdownHook] o.apache.kafka.common.metrics.Metrics    : Closing reporter org.apache.kafka.common.metrics.JmxReporter
2025-05-09T19:08:46.022+01:00  INFO 43459 --- [rest] [SpringApplicationShutdownHook] o.apache.kafka.common.metrics.Metrics    : Closing reporter org.apache.kafka.common.telemetry.internals.ClientTelemetryReporter
2025-05-09T19:08:46.022+01:00  INFO 43459 --- [rest] [SpringApplicationShutdownHook] o.apache.kafka.common.metrics.Metrics    : Metrics reporters closed
2025-05-09T19:08:46.023+01:00  INFO 43459 --- [rest] [SpringApplicationShutdownHook] o.a.kafka.common.utils.AppInfoParser     : App info kafka.producer for rest-producer-1 unregistered
